Analysis & Synthesis report for project11_2
Tue Dec 26 11:44:17 2017
Quartus II 64-Bit Version 13.0.1 Build 232 06/12/2013 Service Pack 1 SJ Full Version


---------------------
; Table of Contents ;
---------------------
  1. Legal Notice
  2. Analysis & Synthesis Summary
  3. Analysis & Synthesis Settings
  4. Parallel Compilation
  5. Analysis & Synthesis Source Files Read
  6. Analysis & Synthesis Resource Usage Summary
  7. Analysis & Synthesis Resource Utilization by Entity
  8. State Machine - |project11_2|shifting_register:inst28|Mode
  9. State Machine - |project11_2|kbd:inst5|state
 10. State Machine - |project11_2|keyboard_shake:inst8|state
 11. Registers Removed During Synthesis
 12. General Register Statistics
 13. Inverted Register Statistics
 14. Multiplexer Restructuring Statistics (Restructuring Performed)
 15. Parameter Settings for User Entity Instance: frequency_divider:inst4
 16. Parameter Settings for User Entity Instance: 74151:inst1
 17. Parameter Settings for User Entity Instance: keyboard_shake:inst8
 18. Parameter Settings for User Entity Instance: kbd:inst5
 19. Elapsed Time Per Partition
 20. Analysis & Synthesis Messages
 21. Analysis & Synthesis Suppressed Messages



----------------
; Legal Notice ;
----------------
Copyright (C) 1991-2013 Altera Corporation
Your use of Altera Corporation's design tools, logic functions 
and other software and tools, and its AMPP partner logic 
functions, and any output files from any of the foregoing 
(including device programming or simulation files), and any 
associated documentation or information are expressly subject 
to the terms and conditions of the Altera Program License 
Subscription Agreement, Altera MegaCore Function License 
Agreement, or other applicable license agreement, including, 
without limitation, that your use is for the sole purpose of 
programming logic devices manufactured by Altera and sold by 
Altera or its authorized distributors.  Please refer to the 
applicable agreement for further details.



+---------------------------------------------------------------------------------------+
; Analysis & Synthesis Summary                                                          ;
+------------------------------------+--------------------------------------------------+
; Analysis & Synthesis Status        ; Successful - Tue Dec 26 11:44:17 2017            ;
; Quartus II 64-Bit Version          ; 13.0.1 Build 232 06/12/2013 SP 1 SJ Full Version ;
; Revision Name                      ; project11_2                                      ;
; Top-level Entity Name              ; project11_2                                      ;
; Family                             ; Cyclone III                                      ;
; Total logic elements               ; 323                                              ;
;     Total combinational functions  ; 313                                              ;
;     Dedicated logic registers      ; 186                                              ;
; Total registers                    ; 186                                              ;
; Total pins                         ; 24                                               ;
; Total virtual pins                 ; 0                                                ;
; Total memory bits                  ; 0                                                ;
; Embedded Multiplier 9-bit elements ; 0                                                ;
; Total PLLs                         ; 0                                                ;
+------------------------------------+--------------------------------------------------+


+----------------------------------------------------------------------------------------------------------------------+
; Analysis & Synthesis Settings                                                                                        ;
+----------------------------------------------------------------------------+--------------------+--------------------+
; Option                                                                     ; Setting            ; Default Value      ;
+----------------------------------------------------------------------------+--------------------+--------------------+
; Device                                                                     ; EP3C55F484C8       ;                    ;
; Top-level entity name                                                      ; project11_2        ; project11_2        ;
; Family name                                                                ; Cyclone III        ; Cyclone IV GX      ;
; Use smart compilation                                                      ; Off                ; Off                ;
; Enable parallel Assembler and TimeQuest Timing Analyzer during compilation ; On                 ; On                 ;
; Enable compact report table                                                ; Off                ; Off                ;
; Restructure Multiplexers                                                   ; Auto               ; Auto               ;
; Create Debugging Nodes for IP Cores                                        ; Off                ; Off                ;
; Preserve fewer node names                                                  ; On                 ; On                 ;
; Disable OpenCore Plus hardware evaluation                                  ; Off                ; Off                ;
; Verilog Version                                                            ; Verilog_2001       ; Verilog_2001       ;
; VHDL Version                                                               ; VHDL_1993          ; VHDL_1993          ;
; State Machine Processing                                                   ; Auto               ; Auto               ;
; Safe State Machine                                                         ; Off                ; Off                ;
; Extract Verilog State Machines                                             ; On                 ; On                 ;
; Extract VHDL State Machines                                                ; On                 ; On                 ;
; Ignore Verilog initial constructs                                          ; Off                ; Off                ;
; Iteration limit for constant Verilog loops                                 ; 5000               ; 5000               ;
; Iteration limit for non-constant Verilog loops                             ; 250                ; 250                ;
; Add Pass-Through Logic to Inferred RAMs                                    ; On                 ; On                 ;
; Infer RAMs from Raw Logic                                                  ; On                 ; On                 ;
; Parallel Synthesis                                                         ; On                 ; On                 ;
; DSP Block Balancing                                                        ; Auto               ; Auto               ;
; NOT Gate Push-Back                                                         ; On                 ; On                 ;
; Power-Up Don't Care                                                        ; On                 ; On                 ;
; Remove Redundant Logic Cells                                               ; Off                ; Off                ;
; Remove Duplicate Registers                                                 ; On                 ; On                 ;
; Ignore CARRY Buffers                                                       ; Off                ; Off                ;
; Ignore CASCADE Buffers                                                     ; Off                ; Off                ;
; Ignore GLOBAL Buffers                                                      ; Off                ; Off                ;
; Ignore ROW GLOBAL Buffers                                                  ; Off                ; Off                ;
; Ignore LCELL Buffers                                                       ; Off                ; Off                ;
; Ignore SOFT Buffers                                                        ; On                 ; On                 ;
; Limit AHDL Integers to 32 Bits                                             ; Off                ; Off                ;
; Optimization Technique                                                     ; Balanced           ; Balanced           ;
; Carry Chain Length                                                         ; 70                 ; 70                 ;
; Auto Carry Chains                                                          ; On                 ; On                 ;
; Auto Open-Drain Pins                                                       ; On                 ; On                 ;
; Perform WYSIWYG Primitive Resynthesis                                      ; Off                ; Off                ;
; Auto ROM Replacement                                                       ; On                 ; On                 ;
; Auto RAM Replacement                                                       ; On                 ; On                 ;
; Auto DSP Block Replacement                                                 ; On                 ; On                 ;
; Auto Shift Register Replacement                                            ; Auto               ; Auto               ;
; Allow Shift Register Merging across Hierarchies                            ; Auto               ; Auto               ;
; Auto Clock Enable Replacement                                              ; On                 ; On                 ;
; Strict RAM Replacement                                                     ; Off                ; Off                ;
; Allow Synchronous Control Signals                                          ; On                 ; On                 ;
; Force Use of Synchronous Clear Signals                                     ; Off                ; Off                ;
; Auto RAM Block Balancing                                                   ; On                 ; On                 ;
; Auto RAM to Logic Cell Conversion                                          ; Off                ; Off                ;
; Auto Resource Sharing                                                      ; Off                ; Off                ;
; Allow Any RAM Size For Recognition                                         ; Off                ; Off                ;
; Allow Any ROM Size For Recognition                                         ; Off                ; Off                ;
; Allow Any Shift Register Size For Recognition                              ; Off                ; Off                ;
; Use LogicLock Constraints during Resource Balancing                        ; On                 ; On                 ;
; Ignore translate_off and synthesis_off directives                          ; Off                ; Off                ;
; Timing-Driven Synthesis                                                    ; On                 ; On                 ;
; Report Parameter Settings                                                  ; On                 ; On                 ;
; Report Source Assignments                                                  ; On                 ; On                 ;
; Report Connectivity Checks                                                 ; On                 ; On                 ;
; Ignore Maximum Fan-Out Assignments                                         ; Off                ; Off                ;
; Synchronization Register Chain Length                                      ; 2                  ; 2                  ;
; PowerPlay Power Optimization                                               ; Normal compilation ; Normal compilation ;
; HDL message level                                                          ; Level2             ; Level2             ;
; Suppress Register Optimization Related Messages                            ; Off                ; Off                ;
; Number of Removed Registers Reported in Synthesis Report                   ; 5000               ; 5000               ;
; Number of Swept Nodes Reported in Synthesis Report                         ; 5000               ; 5000               ;
; Number of Inverted Registers Reported in Synthesis Report                  ; 100                ; 100                ;
; Clock MUX Protection                                                       ; On                 ; On                 ;
; Auto Gated Clock Conversion                                                ; Off                ; Off                ;
; Block Design Naming                                                        ; Auto               ; Auto               ;
; SDC constraint protection                                                  ; Off                ; Off                ;
; Synthesis Effort                                                           ; Auto               ; Auto               ;
; Shift Register Replacement - Allow Asynchronous Clear Signal               ; On                 ; On                 ;
; Pre-Mapping Resynthesis Optimization                                       ; Off                ; Off                ;
; Analysis & Synthesis Message Level                                         ; Medium             ; Medium             ;
; Disable Register Merging Across Hierarchies                                ; Auto               ; Auto               ;
; Resource Aware Inference For Block RAM                                     ; On                 ; On                 ;
; Synthesis Seed                                                             ; 1                  ; 1                  ;
+----------------------------------------------------------------------------+--------------------+--------------------+


+------------------------------------------+
; Parallel Compilation                     ;
+----------------------------+-------------+
; Processors                 ; Number      ;
+----------------------------+-------------+
; Number detected on machine ; 4           ;
; Maximum allowed            ; 2           ;
;                            ;             ;
; Average used               ; 1.00        ;
; Maximum used               ; 1           ;
;                            ;             ;
; Usage by Processor         ; % Time Used ;
;     Processor 1            ; 100.0%      ;
;     Processors 2-4         ;   0.0%      ;
+----------------------------+-------------+


+--------------------------------------------------------------------------------------------------------------------------------------------------------------------------------------------------------+
; Analysis & Synthesis Source Files Read                                                                                                                                                                 ;
+----------------------------------+-----------------+------------------------------------+----------------------------------------------------------------------------------------------------+---------+
; File Name with User-Entered Path ; Used in Netlist ; File Type                          ; File Name with Absolute Path                                                                       ; Library ;
+----------------------------------+-----------------+------------------------------------+----------------------------------------------------------------------------------------------------+---------+
; shifting_register_2.v            ; yes             ; User Verilog HDL File              ; C:/Users/Hanliutong/OneDrive/Homework/Digital logic experiment/16071118/11_2/shifting_register_2.v ;         ;
; dynamic_scanning.bdf             ; yes             ; User Block Diagram/Schematic File  ; C:/Users/Hanliutong/OneDrive/Homework/Digital logic experiment/16071118/11_2/dynamic_scanning.bdf  ;         ;
; shifting_register.v              ; yes             ; User Verilog HDL File              ; C:/Users/Hanliutong/OneDrive/Homework/Digital logic experiment/16071118/11_2/shifting_register.v   ;         ;
; SEL8.v                           ; yes             ; User Verilog HDL File              ; C:/Users/Hanliutong/OneDrive/Homework/Digital logic experiment/16071118/11_2/SEL8.v                ;         ;
; led.v                            ; yes             ; User Verilog HDL File              ; C:/Users/Hanliutong/OneDrive/Homework/Digital logic experiment/16071118/11_2/led.v                 ;         ;
; keyboard_shake.v                 ; yes             ; User Verilog HDL File              ; C:/Users/Hanliutong/OneDrive/Homework/Digital logic experiment/16071118/11_2/keyboard_shake.v      ;         ;
; kbd.v                            ; yes             ; User Verilog HDL File              ; C:/Users/Hanliutong/OneDrive/Homework/Digital logic experiment/16071118/11_2/kbd.v                 ;         ;
; frequency_divider.v              ; yes             ; User Verilog HDL File              ; C:/Users/Hanliutong/OneDrive/Homework/Digital logic experiment/16071118/11_2/frequency_divider.v   ;         ;
; project11_2.bdf                  ; yes             ; User Block Diagram/Schematic File  ; C:/Users/Hanliutong/OneDrive/Homework/Digital logic experiment/16071118/11_2/project11_2.bdf       ;         ;
; count_B32.v                      ; yes             ; User Verilog HDL File              ; C:/Users/Hanliutong/OneDrive/Homework/Digital logic experiment/16071118/11_2/count_B32.v           ;         ;
; 74138.bdf                        ; yes             ; Megafunction                       ; c:/altera/13.0sp1/quartus/libraries/others/maxplus2/74138.bdf                                      ;         ;
; 74160.bdf                        ; yes             ; Megafunction                       ; c:/altera/13.0sp1/quartus/libraries/others/maxplus2/74160.bdf                                      ;         ;
; 74151.tdf                        ; yes             ; Megafunction                       ; c:/altera/13.0sp1/quartus/libraries/others/maxplus2/74151.tdf                                      ;         ;
; aglobal.inc                      ; yes             ; Megafunction                       ; c:/altera/13.0sp1/quartus/libraries/megafunctions/aglobal.inc                                      ;         ;
; f74151.bdf                       ; yes             ; Megafunction                       ; c:/altera/13.0sp1/quartus/libraries/others/maxplus2/f74151.bdf                                     ;         ;
+----------------------------------+-----------------+------------------------------------+----------------------------------------------------------------------------------------------------+---------+


+---------------------------------------------------------------+
; Analysis & Synthesis Resource Usage Summary                   ;
+---------------------------------------------+-----------------+
; Resource                                    ; Usage           ;
+---------------------------------------------+-----------------+
; Estimated Total logic elements              ; 323             ;
;                                             ;                 ;
; Total combinational functions               ; 313             ;
; Logic element usage by number of LUT inputs ;                 ;
;     -- 4 input functions                    ; 154             ;
;     -- 3 input functions                    ; 34              ;
;     -- <=2 input functions                  ; 125             ;
;                                             ;                 ;
; Logic elements by mode                      ;                 ;
;     -- normal mode                          ; 220             ;
;     -- arithmetic mode                      ; 93              ;
;                                             ;                 ;
; Total registers                             ; 186             ;
;     -- Dedicated logic registers            ; 186             ;
;     -- I/O registers                        ; 0               ;
;                                             ;                 ;
; I/O pins                                    ; 24              ;
; Embedded Multiplier 9-bit elements          ; 0               ;
; Maximum fan-out node                        ; CLK_50MHz~input ;
; Maximum fan-out                             ; 66              ;
; Total fan-out                               ; 1488            ;
; Average fan-out                             ; 2.72            ;
+---------------------------------------------+-----------------+


+-------------------------------------------------------------------------------------------------------------------------------------------------------------------------------------------------------------+
; Analysis & Synthesis Resource Utilization by Entity                                                                                                                                                         ;
+--------------------------------+-------------------+--------------+-------------+--------------+---------+-----------+------+--------------+-------------------------------------------------+--------------+
; Compilation Hierarchy Node     ; LC Combinationals ; LC Registers ; Memory Bits ; DSP Elements ; DSP 9x9 ; DSP 18x18 ; Pins ; Virtual Pins ; Full Hierarchy Name                             ; Library Name ;
+--------------------------------+-------------------+--------------+-------------+--------------+---------+-----------+------+--------------+-------------------------------------------------+--------------+
; |project11_2                   ; 313 (0)           ; 186 (0)      ; 0           ; 0            ; 0       ; 0         ; 24   ; 0            ; |project11_2                                    ; work         ;
;    |74151:inst1|               ; 4 (0)             ; 0 (0)        ; 0           ; 0            ; 0       ; 0         ; 0    ; 0            ; |project11_2|74151:inst1                        ; work         ;
;       |f74151:sub|             ; 4 (4)             ; 0 (0)        ; 0           ; 0            ; 0       ; 0         ; 0    ; 0            ; |project11_2|74151:inst1|f74151:sub             ; work         ;
;    |SEL8:inst|                 ; 20 (20)           ; 0 (0)        ; 0           ; 0            ; 0       ; 0         ; 0    ; 0            ; |project11_2|SEL8:inst                          ; work         ;
;    |count_B32:inst26|          ; 13 (13)           ; 4 (4)        ; 0           ; 0            ; 0       ; 0         ; 0    ; 0            ; |project11_2|count_B32:inst26                   ; work         ;
;    |dynamic_scanning:inst2|    ; 11 (0)            ; 4 (0)        ; 0           ; 0            ; 0       ; 0         ; 0    ; 0            ; |project11_2|dynamic_scanning:inst2             ; work         ;
;       |74138:inst2|            ; 8 (8)             ; 0 (0)        ; 0           ; 0            ; 0       ; 0         ; 0    ; 0            ; |project11_2|dynamic_scanning:inst2|74138:inst2 ; work         ;
;       |74160:inst|             ; 3 (3)             ; 4 (4)        ; 0           ; 0            ; 0       ; 0         ; 0    ; 0            ; |project11_2|dynamic_scanning:inst2|74160:inst  ; work         ;
;    |frequency_divider:inst4|   ; 88 (88)           ; 66 (66)      ; 0           ; 0            ; 0       ; 0         ; 0    ; 0            ; |project11_2|frequency_divider:inst4            ; work         ;
;    |kbd:inst5|                 ; 68 (68)           ; 29 (29)      ; 0           ; 0            ; 0       ; 0         ; 0    ; 0            ; |project11_2|kbd:inst5                          ; work         ;
;    |keyboard_shake:inst8|      ; 3 (3)             ; 3 (3)        ; 0           ; 0            ; 0       ; 0         ; 0    ; 0            ; |project11_2|keyboard_shake:inst8               ; work         ;
;    |led:inst3|                 ; 14 (14)           ; 0 (0)        ; 0           ; 0            ; 0       ; 0         ; 0    ; 0            ; |project11_2|led:inst3                          ; work         ;
;    |shifting_register:inst28|  ; 34 (34)           ; 32 (32)      ; 0           ; 0            ; 0       ; 0         ; 0    ; 0            ; |project11_2|shifting_register:inst28           ; work         ;
;    |shifting_register_2:inst6| ; 58 (58)           ; 48 (48)      ; 0           ; 0            ; 0       ; 0         ; 0    ; 0            ; |project11_2|shifting_register_2:inst6          ; work         ;
+--------------------------------+-------------------+--------------+-------------+--------------+---------+-----------+------+--------------+-------------------------------------------------+--------------+
Note: For table entries with two numbers listed, the numbers in parentheses indicate the number of resources of the given type used by the specific entity alone. The numbers listed outside of parentheses indicate the total resources of the given type used by the specific entity and all of its sub-entities in the hierarchy.


Encoding Type:  One-Hot
+------------------------------------------------------------+
; State Machine - |project11_2|shifting_register:inst28|Mode ;
+---------+---------+---------+------------------------------+
; Name    ; Mode.00 ; Mode.10 ; Mode.01                      ;
+---------+---------+---------+------------------------------+
; Mode.00 ; 0       ; 0       ; 0                            ;
; Mode.01 ; 1       ; 0       ; 1                            ;
; Mode.10 ; 1       ; 1       ; 0                            ;
+---------+---------+---------+------------------------------+


Encoding Type:  One-Hot
+------------------------------------------------------+
; State Machine - |project11_2|kbd:inst5|state         ;
+----------+----------+----------+----------+----------+
; Name     ; state.S3 ; state.S2 ; state.S1 ; state.S0 ;
+----------+----------+----------+----------+----------+
; state.S0 ; 0        ; 0        ; 0        ; 0        ;
; state.S1 ; 0        ; 0        ; 1        ; 1        ;
; state.S2 ; 0        ; 1        ; 0        ; 1        ;
; state.S3 ; 1        ; 0        ; 0        ; 1        ;
+----------+----------+----------+----------+----------+


Encoding Type:  One-Hot
+---------------------------------------------------------+
; State Machine - |project11_2|keyboard_shake:inst8|state ;
+----------+----------+----------+----------+-------------+
; Name     ; state.S3 ; state.S2 ; state.S1 ; state.S0    ;
+----------+----------+----------+----------+-------------+
; state.S0 ; 0        ; 0        ; 0        ; 0           ;
; state.S1 ; 0        ; 0        ; 1        ; 1           ;
; state.S2 ; 0        ; 1        ; 0        ; 1           ;
; state.S3 ; 1        ; 0        ; 0        ; 1           ;
+----------+----------+----------+----------+-------------+


+------------------------------------------------------------+
; Registers Removed During Synthesis                         ;
+---------------------------------------+--------------------+
; Register name                         ; Reason for Removal ;
+---------------------------------------+--------------------+
; shifting_register:inst28|Mode.00      ; Lost fanout        ;
; shifting_register:inst28|Mode.01      ; Lost fanout        ;
; shifting_register:inst28|Mode.10      ; Lost fanout        ;
; keyboard_shake:inst8|state.S2         ; Lost fanout        ;
; kbd:inst5|state~2                     ; Lost fanout        ;
; kbd:inst5|state~3                     ; Lost fanout        ;
; keyboard_shake:inst8|state~4          ; Lost fanout        ;
; keyboard_shake:inst8|state~5          ; Lost fanout        ;
; Total Number of Removed Registers = 8 ;                    ;
+---------------------------------------+--------------------+


+------------------------------------------------------+
; General Register Statistics                          ;
+----------------------------------------------+-------+
; Statistic                                    ; Value ;
+----------------------------------------------+-------+
; Total registers                              ; 186   ;
; Number of registers using Synchronous Clear  ; 96    ;
; Number of registers using Synchronous Load   ; 0     ;
; Number of registers using Asynchronous Clear ; 4     ;
; Number of registers using Asynchronous Load  ; 0     ;
; Number of registers using Clock Enable       ; 31    ;
; Number of registers using Preset             ; 0     ;
+----------------------------------------------+-------+


+---------------------------------------------------+
; Inverted Register Statistics                      ;
+-----------------------------------------+---------+
; Inverted Register                       ; Fan out ;
+-----------------------------------------+---------+
; kbd:inst5|key[9]                        ; 5       ;
; kbd:inst5|key[7]                        ; 5       ;
; kbd:inst5|key[14]                       ; 5       ;
; kbd:inst5|key[6]                        ; 5       ;
; kbd:inst5|key[4]                        ; 4       ;
; kbd:inst5|key[5]                        ; 4       ;
; kbd:inst5|key[2]                        ; 5       ;
; kbd:inst5|key[1]                        ; 5       ;
; kbd:inst5|key[3]                        ; 8       ;
; kbd:inst5|key[15]                       ; 5       ;
; kbd:inst5|key[0]                        ; 5       ;
; kbd:inst5|key[13]                       ; 5       ;
; kbd:inst5|key[11]                       ; 7       ;
; kbd:inst5|key[12]                       ; 3       ;
; kbd:inst5|key[10]                       ; 5       ;
; kbd:inst5|key[8]                        ; 5       ;
; Total number of inverted registers = 16 ;         ;
+-----------------------------------------+---------+


+--------------------------------------------------------------------------------------------------------------------------------------------------------------+
; Multiplexer Restructuring Statistics (Restructuring Performed)                                                                                               ;
+--------------------+-----------+---------------+----------------------+------------------------+------------+------------------------------------------------+
; Multiplexer Inputs ; Bus Width ; Baseline Area ; Area if Restructured ; Saving if Restructured ; Registered ; Example Multiplexer Output                     ;
+--------------------+-----------+---------------+----------------------+------------------------+------------+------------------------------------------------+
; 4:1                ; 32 bits   ; 64 LEs        ; 64 LEs               ; 0 LEs                  ; Yes        ; |project11_2|shifting_register:inst28|Dout7[1] ;
; 5:1                ; 2 bits    ; 6 LEs         ; 4 LEs                ; 2 LEs                  ; Yes        ; |project11_2|count_B32:inst26|cnt[1]           ;
; 8:1                ; 4 bits    ; 20 LEs        ; 20 LEs               ; 0 LEs                  ; No         ; |project11_2|SEL8:inst|Mux3                    ;
+--------------------+-----------+---------------+----------------------+------------------------+------------+------------------------------------------------+


+----------------------------------------------------------------------+
; Parameter Settings for User Entity Instance: frequency_divider:inst4 ;
+----------------+----------+------------------------------------------+
; Parameter Name ; Value    ; Type                                     ;
+----------------+----------+------------------------------------------+
; N_1            ; 50000000 ; Signed Integer                           ;
; N_10           ; 50000000 ; Signed Integer                           ;
; N_100          ; 50000000 ; Signed Integer                           ;
; N_1000         ; 50000000 ; Signed Integer                           ;
+----------------+----------+------------------------------------------+
Note: In order to hide this table in the UI and the text report file, please set the "Show Parameter Settings in Synthesis Report" option in "Analysis and Synthesis Settings -> More Settings" to "Off".


+----------------------------------------------------------+
; Parameter Settings for User Entity Instance: 74151:inst1 ;
+------------------------+-------------+-------------------+
; Parameter Name         ; Value       ; Type              ;
+------------------------+-------------+-------------------+
; DEVICE_FAMILY          ; Cyclone III ; Untyped           ;
; AUTO_CARRY_CHAINS      ; ON          ; AUTO_CARRY        ;
; IGNORE_CARRY_BUFFERS   ; OFF         ; IGNORE_CARRY      ;
; AUTO_CASCADE_CHAINS    ; ON          ; AUTO_CASCADE      ;
; IGNORE_CASCADE_BUFFERS ; OFF         ; IGNORE_CASCADE    ;
+------------------------+-------------+-------------------+
Note: In order to hide this table in the UI and the text report file, please set the "Show Parameter Settings in Synthesis Report" option in "Analysis and Synthesis Settings -> More Settings" to "Off".


+-------------------------------------------------------------------+
; Parameter Settings for User Entity Instance: keyboard_shake:inst8 ;
+----------------+-------+------------------------------------------+
; Parameter Name ; Value ; Type                                     ;
+----------------+-------+------------------------------------------+
; S0             ; 0     ; Signed Integer                           ;
; S1             ; 1     ; Signed Integer                           ;
; S2             ; 2     ; Signed Integer                           ;
; S3             ; 3     ; Signed Integer                           ;
+----------------+-------+------------------------------------------+
Note: In order to hide this table in the UI and the text report file, please set the "Show Parameter Settings in Synthesis Report" option in "Analysis and Synthesis Settings -> More Settings" to "Off".


+--------------------------------------------------------+
; Parameter Settings for User Entity Instance: kbd:inst5 ;
+----------------+-------+-------------------------------+
; Parameter Name ; Value ; Type                          ;
+----------------+-------+-------------------------------+
; S0             ; 0     ; Signed Integer                ;
; S1             ; 1     ; Signed Integer                ;
; S2             ; 2     ; Signed Integer                ;
; S3             ; 3     ; Signed Integer                ;
+----------------+-------+-------------------------------+
Note: In order to hide this table in the UI and the text report file, please set the "Show Parameter Settings in Synthesis Report" option in "Analysis and Synthesis Settings -> More Settings" to "Off".


+-------------------------------+
; Elapsed Time Per Partition    ;
+----------------+--------------+
; Partition Name ; Elapsed Time ;
+----------------+--------------+
; Top            ; 00:00:01     ;
+----------------+--------------+


+-------------------------------+
; Analysis & Synthesis Messages ;
+-------------------------------+
Info: *******************************************************************
Info: Running Quartus II 64-Bit Analysis & Synthesis
    Info: Version 13.0.1 Build 232 06/12/2013 Service Pack 1 SJ Full Version
    Info: Processing started: Tue Dec 26 11:44:12 2017
Info: Command: quartus_map --read_settings_files=on --write_settings_files=off project11_2 -c project11_2
Info (11104): Parallel Compilation has detected 4 hyper-threaded processors. However, the extra hyper-threaded processors will not be used by default. Parallel Compilation will use 2 of the 2 physical processors detected instead.
Info (12021): Found 1 design units, including 1 entities, in source file shifting_register_2.v
    Info (12023): Found entity 1: shifting_register_2
Info (12021): Found 1 design units, including 1 entities, in source file dynamic_scanning.bdf
    Info (12023): Found entity 1: dynamic_scanning
Info (12021): Found 1 design units, including 1 entities, in source file shifting_register.v
    Info (12023): Found entity 1: shifting_register
Info (12021): Found 1 design units, including 1 entities, in source file sel8.v
    Info (12023): Found entity 1: SEL8
Info (12021): Found 1 design units, including 1 entities, in source file led.v
    Info (12023): Found entity 1: led
Info (12021): Found 1 design units, including 1 entities, in source file keyboard_shake.v
    Info (12023): Found entity 1: keyboard_shake
Info (12021): Found 1 design units, including 1 entities, in source file kbd.v
    Info (12023): Found entity 1: kbd
Info (12021): Found 1 design units, including 1 entities, in source file frequency_divider.v
    Info (12023): Found entity 1: frequency_divider
Info (12021): Found 1 design units, including 1 entities, in source file adder8.v
    Info (12023): Found entity 1: adder8
Info (12021): Found 1 design units, including 1 entities, in source file project11_2.bdf
    Info (12023): Found entity 1: project11_2
Info (12021): Found 1 design units, including 1 entities, in source file count_b32.v
    Info (12023): Found entity 1: count_B32
Warning (10227): Verilog HDL Port Declaration warning at SEL8.v(6): data type declaration for "out" declares packed dimensions but the port declaration declaration does not
Info (10499): HDL info at SEL8.v(5): see declaration for object "out"
Info (12127): Elaborating entity "project11_2" for the top level hierarchy
Warning (275011): Block or symbol "frequency_divider" of instance "inst4" overlaps another block or symbol
Warning (275011): Block or symbol "GND" of instance "inst15" overlaps another block or symbol
Warning (275080): Converted elements in bus name "SWC" using legacy naming rules. Make any assignments on the new names, not on the original names.
    Warning (275081): Converted element name(s) from "SWC[3..0]" to "SWC3..0"
Info (12128): Elaborating entity "dynamic_scanning" for hierarchy "dynamic_scanning:inst2"
Info (12128): Elaborating entity "74138" for hierarchy "dynamic_scanning:inst2|74138:inst2"
Info (12130): Elaborated megafunction instantiation "dynamic_scanning:inst2|74138:inst2"
Info (12128): Elaborating entity "74160" for hierarchy "dynamic_scanning:inst2|74160:inst"
Info (12130): Elaborated megafunction instantiation "dynamic_scanning:inst2|74160:inst"
Info (12128): Elaborating entity "frequency_divider" for hierarchy "frequency_divider:inst4"
Info (12128): Elaborating entity "led" for hierarchy "led:inst3"
Warning (10235): Verilog HDL Always Construct warning at led.v(9): variable "EN" is read inside the Always Construct but isn't in the Always Construct's Event Control
Info (12128): Elaborating entity "74151" for hierarchy "74151:inst1"
Info (12130): Elaborated megafunction instantiation "74151:inst1"
Info (12128): Elaborating entity "f74151" for hierarchy "74151:inst1|f74151:sub"
Info (12131): Elaborated megafunction instantiation "74151:inst1|f74151:sub", which is child of megafunction instantiation "74151:inst1"
Info (12128): Elaborating entity "shifting_register_2" for hierarchy "shifting_register_2:inst6"
Info (12128): Elaborating entity "count_B32" for hierarchy "count_B32:inst26"
Info (12128): Elaborating entity "keyboard_shake" for hierarchy "keyboard_shake:inst8"
Info (12128): Elaborating entity "kbd" for hierarchy "kbd:inst5"
Info (12128): Elaborating entity "SEL8" for hierarchy "SEL8:inst"
Info (12128): Elaborating entity "shifting_register" for hierarchy "shifting_register:inst28"
Info (13014): Ignored 2 buffer(s)
    Info (13017): Ignored 2 CASCADE buffer(s)
Info (286030): Timing-Driven Synthesis is running
Info (17049): 8 registers lost all their fanouts during netlist optimizations.
Info (144001): Generated suppressed messages file C:/Users/Hanliutong/OneDrive/Homework/Digital logic experiment/16071118/11_2/output_files/project11_2.map.smsg
Info (16010): Generating hard_block partition "hard_block:auto_generated_inst"
    Info (16011): Adding 0 node(s), including 0 DDIO, 0 PLL, 0 transceiver and 0 LCELL
Info (21057): Implemented 355 device resources after synthesis - the final resource count might be different
    Info (21058): Implemented 5 input pins
    Info (21059): Implemented 19 output pins
    Info (21061): Implemented 331 logic cells
Info: Quartus II 64-Bit Analysis & Synthesis was successful. 0 errors, 6 warnings
    Info: Peak virtual memory: 530 megabytes
    Info: Processing ended: Tue Dec 26 11:44:17 2017
    Info: Elapsed time: 00:00:05
    Info: Total CPU time (on all processors): 00:00:04


+------------------------------------------+
; Analysis & Synthesis Suppressed Messages ;
+------------------------------------------+
The suppressed messages can be found in C:/Users/Hanliutong/OneDrive/Homework/Digital logic experiment/16071118/11_2/output_files/project11_2.map.smsg.


