Analysis & Synthesis report for chronograph
Thu Dec 28 11:20:16 2017
Quartus II 64-Bit Version 13.0.1 Build 232 06/12/2013 Service Pack 1 SJ Full Version


---------------------
; Table of Contents ;
---------------------
  1. Legal Notice
  2. Analysis & Synthesis Summary
  3. Analysis & Synthesis Settings
  4. Parallel Compilation
  5. Analysis & Synthesis Source Files Read
  6. Analysis & Synthesis Resource Usage Summary
  7. Analysis & Synthesis Resource Utilization by Entity
  8. Registers Removed During Synthesis
  9. Removed Registers Triggering Further Register Optimizations
 10. General Register Statistics
 11. Multiplexer Restructuring Statistics (Restructuring Performed)
 12. Parameter Settings for User Entity Instance: frequency_divider:inst1
 13. Elapsed Time Per Partition
 14. Analysis & Synthesis Messages
 15. Analysis & Synthesis Suppressed Messages



----------------
; Legal Notice ;
----------------
Copyright (C) 1991-2013 Altera Corporation
Your use of Altera Corporation's design tools, logic functions 
and other software and tools, and its AMPP partner logic 
functions, and any output files from any of the foregoing 
(including device programming or simulation files), and any 
associated documentation or information are expressly subject 
to the terms and conditions of the Altera Program License 
Subscription Agreement, Altera MegaCore Function License 
Agreement, or other applicable license agreement, including, 
without limitation, that your use is for the sole purpose of 
programming logic devices manufactured by Altera and sold by 
Altera or its authorized distributors.  Please refer to the 
applicable agreement for further details.



+---------------------------------------------------------------------------------------+
; Analysis & Synthesis Summary                                                          ;
+------------------------------------+--------------------------------------------------+
; Analysis & Synthesis Status        ; Successful - Thu Dec 28 11:20:15 2017            ;
; Quartus II 64-Bit Version          ; 13.0.1 Build 232 06/12/2013 SP 1 SJ Full Version ;
; Revision Name                      ; chronograph                                      ;
; Top-level Entity Name              ; chronograph                                      ;
; Family                             ; Cyclone III                                      ;
; Total logic elements               ; 875                                              ;
;     Total combinational functions  ; 699                                              ;
;     Dedicated logic registers      ; 459                                              ;
; Total registers                    ; 459                                              ;
; Total pins                         ; 28                                               ;
; Total virtual pins                 ; 0                                                ;
; Total memory bits                  ; 0                                                ;
; Embedded Multiplier 9-bit elements ; 0                                                ;
; Total PLLs                         ; 0                                                ;
+------------------------------------+--------------------------------------------------+


+----------------------------------------------------------------------------------------------------------------------+
; Analysis & Synthesis Settings                                                                                        ;
+----------------------------------------------------------------------------+--------------------+--------------------+
; Option                                                                     ; Setting            ; Default Value      ;
+----------------------------------------------------------------------------+--------------------+--------------------+
; Device                                                                     ; EP3C55F484C8       ;                    ;
; Top-level entity name                                                      ; chronograph        ; chronograph        ;
; Family name                                                                ; Cyclone III        ; Cyclone IV GX      ;
; Use smart compilation                                                      ; Off                ; Off                ;
; Enable parallel Assembler and TimeQuest Timing Analyzer during compilation ; On                 ; On                 ;
; Enable compact report table                                                ; Off                ; Off                ;
; Restructure Multiplexers                                                   ; Auto               ; Auto               ;
; Create Debugging Nodes for IP Cores                                        ; Off                ; Off                ;
; Preserve fewer node names                                                  ; On                 ; On                 ;
; Disable OpenCore Plus hardware evaluation                                  ; Off                ; Off                ;
; Verilog Version                                                            ; Verilog_2001       ; Verilog_2001       ;
; VHDL Version                                                               ; VHDL_1993          ; VHDL_1993          ;
; State Machine Processing                                                   ; Auto               ; Auto               ;
; Safe State Machine                                                         ; Off                ; Off                ;
; Extract Verilog State Machines                                             ; On                 ; On                 ;
; Extract VHDL State Machines                                                ; On                 ; On                 ;
; Ignore Verilog initial constructs                                          ; Off                ; Off                ;
; Iteration limit for constant Verilog loops                                 ; 5000               ; 5000               ;
; Iteration limit for non-constant Verilog loops                             ; 250                ; 250                ;
; Add Pass-Through Logic to Inferred RAMs                                    ; On                 ; On                 ;
; Infer RAMs from Raw Logic                                                  ; On                 ; On                 ;
; Parallel Synthesis                                                         ; On                 ; On                 ;
; DSP Block Balancing                                                        ; Auto               ; Auto               ;
; NOT Gate Push-Back                                                         ; On                 ; On                 ;
; Power-Up Don't Care                                                        ; On                 ; On                 ;
; Remove Redundant Logic Cells                                               ; Off                ; Off                ;
; Remove Duplicate Registers                                                 ; On                 ; On                 ;
; Ignore CARRY Buffers                                                       ; Off                ; Off                ;
; Ignore CASCADE Buffers                                                     ; Off                ; Off                ;
; Ignore GLOBAL Buffers                                                      ; Off                ; Off                ;
; Ignore ROW GLOBAL Buffers                                                  ; Off                ; Off                ;
; Ignore LCELL Buffers                                                       ; Off                ; Off                ;
; Ignore SOFT Buffers                                                        ; On                 ; On                 ;
; Limit AHDL Integers to 32 Bits                                             ; Off                ; Off                ;
; Optimization Technique                                                     ; Balanced           ; Balanced           ;
; Carry Chain Length                                                         ; 70                 ; 70                 ;
; Auto Carry Chains                                                          ; On                 ; On                 ;
; Auto Open-Drain Pins                                                       ; On                 ; On                 ;
; Perform WYSIWYG Primitive Resynthesis                                      ; Off                ; Off                ;
; Auto ROM Replacement                                                       ; On                 ; On                 ;
; Auto RAM Replacement                                                       ; On                 ; On                 ;
; Auto DSP Block Replacement                                                 ; On                 ; On                 ;
; Auto Shift Register Replacement                                            ; Auto               ; Auto               ;
; Allow Shift Register Merging across Hierarchies                            ; Auto               ; Auto               ;
; Auto Clock Enable Replacement                                              ; On                 ; On                 ;
; Strict RAM Replacement                                                     ; Off                ; Off                ;
; Allow Synchronous Control Signals                                          ; On                 ; On                 ;
; Force Use of Synchronous Clear Signals                                     ; Off                ; Off                ;
; Auto RAM Block Balancing                                                   ; On                 ; On                 ;
; Auto RAM to Logic Cell Conversion                                          ; Off                ; Off                ;
; Auto Resource Sharing                                                      ; Off                ; Off                ;
; Allow Any RAM Size For Recognition                                         ; Off                ; Off                ;
; Allow Any ROM Size For Recognition                                         ; Off                ; Off                ;
; Allow Any Shift Register Size For Recognition                              ; Off                ; Off                ;
; Use LogicLock Constraints during Resource Balancing                        ; On                 ; On                 ;
; Ignore translate_off and synthesis_off directives                          ; Off                ; Off                ;
; Timing-Driven Synthesis                                                    ; On                 ; On                 ;
; Report Parameter Settings                                                  ; On                 ; On                 ;
; Report Source Assignments                                                  ; On                 ; On                 ;
; Report Connectivity Checks                                                 ; On                 ; On                 ;
; Ignore Maximum Fan-Out Assignments                                         ; Off                ; Off                ;
; Synchronization Register Chain Length                                      ; 2                  ; 2                  ;
; PowerPlay Power Optimization                                               ; Normal compilation ; Normal compilation ;
; HDL message level                                                          ; Level2             ; Level2             ;
; Suppress Register Optimization Related Messages                            ; Off                ; Off                ;
; Number of Removed Registers Reported in Synthesis Report                   ; 5000               ; 5000               ;
; Number of Swept Nodes Reported in Synthesis Report                         ; 5000               ; 5000               ;
; Number of Inverted Registers Reported in Synthesis Report                  ; 100                ; 100                ;
; Clock MUX Protection                                                       ; On                 ; On                 ;
; Auto Gated Clock Conversion                                                ; Off                ; Off                ;
; Block Design Naming                                                        ; Auto               ; Auto               ;
; SDC constraint protection                                                  ; Off                ; Off                ;
; Synthesis Effort                                                           ; Auto               ; Auto               ;
; Shift Register Replacement - Allow Asynchronous Clear Signal               ; On                 ; On                 ;
; Pre-Mapping Resynthesis Optimization                                       ; Off                ; Off                ;
; Analysis & Synthesis Message Level                                         ; Medium             ; Medium             ;
; Disable Register Merging Across Hierarchies                                ; Auto               ; Auto               ;
; Resource Aware Inference For Block RAM                                     ; On                 ; On                 ;
; Synthesis Seed                                                             ; 1                  ; 1                  ;
+----------------------------------------------------------------------------+--------------------+--------------------+


+------------------------------------------+
; Parallel Compilation                     ;
+----------------------------+-------------+
; Processors                 ; Number      ;
+----------------------------+-------------+
; Number detected on machine ; 4           ;
; Maximum allowed            ; 2           ;
;                            ;             ;
; Average used               ; 1.00        ;
; Maximum used               ; 2           ;
;                            ;             ;
; Usage by Processor         ; % Time Used ;
;     Processor 1            ; 100.0%      ;
;     Processor 2            ; < 0.1%      ;
;     Processors 3-4         ;   0.0%      ;
+----------------------------+-------------+


+-------------------------------------------------------------------------------------------------------------------------------------------------------------------------------------------------------+
; Analysis & Synthesis Source Files Read                                                                                                                                                                ;
+----------------------------------+-----------------+------------------------------------+---------------------------------------------------------------------------------------------------+---------+
; File Name with User-Entered Path ; Used in Netlist ; File Type                          ; File Name with Absolute Path                                                                      ; Library ;
+----------------------------------+-----------------+------------------------------------+---------------------------------------------------------------------------------------------------+---------+
; SEL23.v                          ; yes             ; User Verilog HDL File              ; C:/Users/Hanliutong/OneDrive/Homework/Digital logic experiment/16071118/10_3/SEL23.v              ;         ;
; register24.v                     ; yes             ; User Verilog HDL File              ; C:/Users/Hanliutong/OneDrive/Homework/Digital logic experiment/16071118/10_3/register24.v         ;         ;
; SEL8.v                           ; yes             ; User Verilog HDL File              ; C:/Users/Hanliutong/OneDrive/Homework/Digital logic experiment/16071118/10_3/SEL8.v               ;         ;
; 100Counter.bdf                   ; yes             ; User Block Diagram/Schematic File  ; C:/Users/Hanliutong/OneDrive/Homework/Digital logic experiment/16071118/10_3/100Counter.bdf       ;         ;
; 59Counter.bdf                    ; yes             ; User Block Diagram/Schematic File  ; C:/Users/Hanliutong/OneDrive/Homework/Digital logic experiment/16071118/10_3/59Counter.bdf        ;         ;
; dynamic_scanning.bdf             ; yes             ; User Block Diagram/Schematic File  ; C:/Users/Hanliutong/OneDrive/Homework/Digital logic experiment/16071118/10_3/dynamic_scanning.bdf ;         ;
; led.v                            ; yes             ; User Verilog HDL File              ; C:/Users/Hanliutong/OneDrive/Homework/Digital logic experiment/16071118/10_3/led.v                ;         ;
; frequency_divider.v              ; yes             ; User Verilog HDL File              ; C:/Users/Hanliutong/OneDrive/Homework/Digital logic experiment/16071118/10_3/frequency_divider.v  ;         ;
; chronograph.bdf                  ; yes             ; User Block Diagram/Schematic File  ; C:/Users/Hanliutong/OneDrive/Homework/Digital logic experiment/16071118/10_3/chronograph.bdf      ;         ;
; adder8.v                         ; yes             ; User Verilog HDL File              ; C:/Users/Hanliutong/OneDrive/Homework/Digital logic experiment/16071118/10_3/adder8.v             ;         ;
; register_bank.bdf                ; yes             ; User Block Diagram/Schematic File  ; C:/Users/Hanliutong/OneDrive/Homework/Digital logic experiment/16071118/10_3/register_bank.bdf    ;         ;
; 74138.bdf                        ; yes             ; Megafunction                       ; c:/altera/13.0sp1/quartus/libraries/others/maxplus2/74138.bdf                                     ;         ;
; 74160.bdf                        ; yes             ; Megafunction                       ; c:/altera/13.0sp1/quartus/libraries/others/maxplus2/74160.bdf                                     ;         ;
; 74244b.bdf                       ; yes             ; Megafunction                       ; c:/altera/13.0sp1/quartus/libraries/others/maxplus2/74244b.bdf                                    ;         ;
; 74162.bdf                        ; yes             ; Megafunction                       ; c:/altera/13.0sp1/quartus/libraries/others/maxplus2/74162.bdf                                     ;         ;
+----------------------------------+-----------------+------------------------------------+---------------------------------------------------------------------------------------------------+---------+


+--------------------------------------------------------------------------------+
; Analysis & Synthesis Resource Usage Summary                                    ;
+---------------------------------------------+----------------------------------+
; Resource                                    ; Usage                            ;
+---------------------------------------------+----------------------------------+
; Estimated Total logic elements              ; 875                              ;
;                                             ;                                  ;
; Total combinational functions               ; 699                              ;
; Logic element usage by number of LUT inputs ;                                  ;
;     -- 4 input functions                    ; 499                              ;
;     -- 3 input functions                    ; 38                               ;
;     -- <=2 input functions                  ; 162                              ;
;                                             ;                                  ;
; Logic elements by mode                      ;                                  ;
;     -- normal mode                          ; 634                              ;
;     -- arithmetic mode                      ; 65                               ;
;                                             ;                                  ;
; Total registers                             ; 459                              ;
;     -- Dedicated logic registers            ; 459                              ;
;     -- I/O registers                        ; 0                                ;
;                                             ;                                  ;
; I/O pins                                    ; 28                               ;
; Embedded Multiplier 9-bit elements          ; 0                                ;
; Maximum fan-out node                        ; frequency_divider:inst1|clk_1KHz ;
; Maximum fan-out                             ; 365                              ;
; Total fan-out                               ; 3655                             ;
; Average fan-out                             ; 3.01                             ;
+---------------------------------------------+----------------------------------+


+-------------------------------------------------------------------------------------------------------------------------------------------------------------------------------------------------------------+
; Analysis & Synthesis Resource Utilization by Entity                                                                                                                                                         ;
+------------------------------+-------------------+--------------+-------------+--------------+---------+-----------+------+--------------+---------------------------------------------------+--------------+
; Compilation Hierarchy Node   ; LC Combinationals ; LC Registers ; Memory Bits ; DSP Elements ; DSP 9x9 ; DSP 18x18 ; Pins ; Virtual Pins ; Full Hierarchy Name                               ; Library Name ;
+------------------------------+-------------------+--------------+-------------+--------------+---------+-----------+------+--------------+---------------------------------------------------+--------------+
; |chronograph                 ; 699 (145)         ; 459 (0)      ; 0           ; 0            ; 0       ; 0         ; 28   ; 0            ; |chronograph                                      ; work         ;
;    |100Counter:inst15|       ; 15 (2)            ; 8 (0)        ; 0           ; 0            ; 0       ; 0         ; 0    ; 0            ; |chronograph|100Counter:inst15                    ; work         ;
;       |74162:inst1|          ; 6 (6)             ; 4 (4)        ; 0           ; 0            ; 0       ; 0         ; 0    ; 0            ; |chronograph|100Counter:inst15|74162:inst1        ; work         ;
;       |74162:inst|           ; 7 (7)             ; 4 (4)        ; 0           ; 0            ; 0       ; 0         ; 0    ; 0            ; |chronograph|100Counter:inst15|74162:inst         ; work         ;
;    |59Counter:inst13|        ; 13 (3)            ; 7 (0)        ; 0           ; 0            ; 0       ; 0         ; 0    ; 0            ; |chronograph|59Counter:inst13                     ; work         ;
;       |74162:inst1|          ; 5 (5)             ; 3 (3)        ; 0           ; 0            ; 0       ; 0         ; 0    ; 0            ; |chronograph|59Counter:inst13|74162:inst1         ; work         ;
;       |74162:inst|           ; 5 (5)             ; 4 (4)        ; 0           ; 0            ; 0       ; 0         ; 0    ; 0            ; |chronograph|59Counter:inst13|74162:inst          ; work         ;
;    |59Counter:inst14|        ; 12 (1)            ; 7 (0)        ; 0           ; 0            ; 0       ; 0         ; 0    ; 0            ; |chronograph|59Counter:inst14                     ; work         ;
;       |74162:inst1|          ; 5 (5)             ; 3 (3)        ; 0           ; 0            ; 0       ; 0         ; 0    ; 0            ; |chronograph|59Counter:inst14|74162:inst1         ; work         ;
;       |74162:inst|           ; 6 (6)             ; 4 (4)        ; 0           ; 0            ; 0       ; 0         ; 0    ; 0            ; |chronograph|59Counter:inst14|74162:inst          ; work         ;
;    |dynamic_scanning:inst4|  ; 12 (0)            ; 4 (0)        ; 0           ; 0            ; 0       ; 0         ; 0    ; 0            ; |chronograph|dynamic_scanning:inst4               ; work         ;
;       |74138:inst2|          ; 9 (9)             ; 0 (0)        ; 0           ; 0            ; 0       ; 0         ; 0    ; 0            ; |chronograph|dynamic_scanning:inst4|74138:inst2   ; work         ;
;       |74160:inst|           ; 3 (3)             ; 4 (4)        ; 0           ; 0            ; 0       ; 0         ; 0    ; 0            ; |chronograph|dynamic_scanning:inst4|74160:inst    ; work         ;
;    |frequency_divider:inst1| ; 88 (88)           ; 66 (66)      ; 0           ; 0            ; 0       ; 0         ; 0    ; 0            ; |chronograph|frequency_divider:inst1              ; work         ;
;    |led:inst7|               ; 7 (7)             ; 0 (0)        ; 0           ; 0            ; 0       ; 0         ; 0    ; 0            ; |chronograph|led:inst7                            ; work         ;
;    |register_bank:inst|      ; 407 (1)           ; 367 (0)      ; 0           ; 0            ; 0       ; 0         ; 0    ; 0            ; |chronograph|register_bank:inst                   ; work         ;
;       |74160:inst19|         ; 4 (4)             ; 4 (4)        ; 0           ; 0            ; 0       ; 0         ; 0    ; 0            ; |chronograph|register_bank:inst|74160:inst19      ; work         ;
;       |adder8:inst6|         ; 17 (17)           ; 3 (3)        ; 0           ; 0            ; 0       ; 0         ; 0    ; 0            ; |chronograph|register_bank:inst|adder8:inst6      ; work         ;
;       |register24:inst17|    ; 47 (47)           ; 45 (45)      ; 0           ; 0            ; 0       ; 0         ; 0    ; 0            ; |chronograph|register_bank:inst|register24:inst17 ; work         ;
;       |register24:inst24|    ; 48 (48)           ; 45 (45)      ; 0           ; 0            ; 0       ; 0         ; 0    ; 0            ; |chronograph|register_bank:inst|register24:inst24 ; work         ;
;       |register24:inst25|    ; 48 (48)           ; 45 (45)      ; 0           ; 0            ; 0       ; 0         ; 0    ; 0            ; |chronograph|register_bank:inst|register24:inst25 ; work         ;
;       |register24:inst26|    ; 50 (50)           ; 45 (45)      ; 0           ; 0            ; 0       ; 0         ; 0    ; 0            ; |chronograph|register_bank:inst|register24:inst26 ; work         ;
;       |register24:inst27|    ; 49 (49)           ; 45 (45)      ; 0           ; 0            ; 0       ; 0         ; 0    ; 0            ; |chronograph|register_bank:inst|register24:inst27 ; work         ;
;       |register24:inst28|    ; 49 (49)           ; 45 (45)      ; 0           ; 0            ; 0       ; 0         ; 0    ; 0            ; |chronograph|register_bank:inst|register24:inst28 ; work         ;
;       |register24:inst29|    ; 48 (48)           ; 45 (45)      ; 0           ; 0            ; 0       ; 0         ; 0    ; 0            ; |chronograph|register_bank:inst|register24:inst29 ; work         ;
;       |register24:inst3|     ; 46 (46)           ; 45 (45)      ; 0           ; 0            ; 0       ; 0         ; 0    ; 0            ; |chronograph|register_bank:inst|register24:inst3  ; work         ;
+------------------------------+-------------------+--------------+-------------+--------------+---------+-----------+------+--------------+---------------------------------------------------+--------------+
Note: For table entries with two numbers listed, the numbers in parentheses indicate the number of resources of the given type used by the specific entity alone. The numbers listed outside of parentheses indicate the total resources of the given type used by the specific entity and all of its sub-entities in the hierarchy.


+----------------------------------------------------------------------------------------+
; Registers Removed During Synthesis                                                     ;
+-----------------------------------------------+----------------------------------------+
; Register name                                 ; Reason for Removal                     ;
+-----------------------------------------------+----------------------------------------+
; 59Counter:inst14|74162:inst1|46               ; Stuck at GND due to stuck port data_in ;
; 59Counter:inst13|74162:inst1|46               ; Stuck at GND due to stuck port data_in ;
; register_bank:inst|register24:inst3|R[23]     ; Stuck at GND due to stuck port data_in ;
; register_bank:inst|register24:inst17|R[23]    ; Stuck at GND due to stuck port data_in ;
; register_bank:inst|register24:inst24|R[23]    ; Stuck at GND due to stuck port data_in ;
; register_bank:inst|register24:inst25|R[23]    ; Stuck at GND due to stuck port data_in ;
; register_bank:inst|register24:inst26|R[23]    ; Stuck at GND due to stuck port data_in ;
; register_bank:inst|register24:inst27|R[23]    ; Stuck at GND due to stuck port data_in ;
; register_bank:inst|register24:inst28|R[23]    ; Stuck at GND due to stuck port data_in ;
; register_bank:inst|register24:inst29|R[23]    ; Stuck at GND due to stuck port data_in ;
; register_bank:inst|register24:inst3|R[15]     ; Stuck at GND due to stuck port data_in ;
; register_bank:inst|register24:inst17|R[15]    ; Stuck at GND due to stuck port data_in ;
; register_bank:inst|register24:inst24|R[15]    ; Stuck at GND due to stuck port data_in ;
; register_bank:inst|register24:inst25|R[15]    ; Stuck at GND due to stuck port data_in ;
; register_bank:inst|register24:inst26|R[15]    ; Stuck at GND due to stuck port data_in ;
; register_bank:inst|register24:inst27|R[15]    ; Stuck at GND due to stuck port data_in ;
; register_bank:inst|register24:inst28|R[15]    ; Stuck at GND due to stuck port data_in ;
; register_bank:inst|register24:inst29|R[15]    ; Stuck at GND due to stuck port data_in ;
; register_bank:inst|register24:inst3|Dout[23]  ; Stuck at GND due to stuck port data_in ;
; register_bank:inst|register24:inst17|Dout[23] ; Stuck at GND due to stuck port data_in ;
; register_bank:inst|register24:inst24|Dout[23] ; Stuck at GND due to stuck port data_in ;
; register_bank:inst|register24:inst25|Dout[23] ; Stuck at GND due to stuck port data_in ;
; register_bank:inst|register24:inst26|Dout[23] ; Stuck at GND due to stuck port data_in ;
; register_bank:inst|register24:inst27|Dout[23] ; Stuck at GND due to stuck port data_in ;
; register_bank:inst|register24:inst28|Dout[23] ; Stuck at GND due to stuck port data_in ;
; register_bank:inst|register24:inst29|Dout[23] ; Stuck at GND due to stuck port data_in ;
; register_bank:inst|register24:inst3|Dout[15]  ; Stuck at GND due to stuck port data_in ;
; register_bank:inst|register24:inst17|Dout[15] ; Stuck at GND due to stuck port data_in ;
; register_bank:inst|register24:inst24|Dout[15] ; Stuck at GND due to stuck port data_in ;
; register_bank:inst|register24:inst25|Dout[15] ; Stuck at GND due to stuck port data_in ;
; register_bank:inst|register24:inst26|Dout[15] ; Stuck at GND due to stuck port data_in ;
; register_bank:inst|register24:inst27|Dout[15] ; Stuck at GND due to stuck port data_in ;
; register_bank:inst|register24:inst28|Dout[15] ; Stuck at GND due to stuck port data_in ;
; register_bank:inst|register24:inst29|Dout[15] ; Stuck at GND due to stuck port data_in ;
; Total Number of Removed Registers = 34        ;                                        ;
+-----------------------------------------------+----------------------------------------+


+--------------------------------------------------------------------------------------------------------------+
; Removed Registers Triggering Further Register Optimizations                                                  ;
+---------------------------------+---------------------------+------------------------------------------------+
; Register name                   ; Reason for Removal        ; Registers Removed due to This Register         ;
+---------------------------------+---------------------------+------------------------------------------------+
; 59Counter:inst14|74162:inst1|46 ; Stuck at GND              ; register_bank:inst|register24:inst3|R[23],     ;
;                                 ; due to stuck port data_in ; register_bank:inst|register24:inst17|R[23],    ;
;                                 ;                           ; register_bank:inst|register24:inst24|R[23],    ;
;                                 ;                           ; register_bank:inst|register24:inst25|R[23],    ;
;                                 ;                           ; register_bank:inst|register24:inst26|R[23],    ;
;                                 ;                           ; register_bank:inst|register24:inst27|R[23],    ;
;                                 ;                           ; register_bank:inst|register24:inst28|R[23],    ;
;                                 ;                           ; register_bank:inst|register24:inst29|R[23],    ;
;                                 ;                           ; register_bank:inst|register24:inst3|Dout[23],  ;
;                                 ;                           ; register_bank:inst|register24:inst17|Dout[23], ;
;                                 ;                           ; register_bank:inst|register24:inst24|Dout[23], ;
;                                 ;                           ; register_bank:inst|register24:inst25|Dout[23], ;
;                                 ;                           ; register_bank:inst|register24:inst26|Dout[23], ;
;                                 ;                           ; register_bank:inst|register24:inst27|Dout[23], ;
;                                 ;                           ; register_bank:inst|register24:inst28|Dout[23], ;
;                                 ;                           ; register_bank:inst|register24:inst29|Dout[23]  ;
; 59Counter:inst13|74162:inst1|46 ; Stuck at GND              ; register_bank:inst|register24:inst3|R[15],     ;
;                                 ; due to stuck port data_in ; register_bank:inst|register24:inst17|R[15],    ;
;                                 ;                           ; register_bank:inst|register24:inst24|R[15],    ;
;                                 ;                           ; register_bank:inst|register24:inst25|R[15],    ;
;                                 ;                           ; register_bank:inst|register24:inst26|R[15],    ;
;                                 ;                           ; register_bank:inst|register24:inst27|R[15],    ;
;                                 ;                           ; register_bank:inst|register24:inst28|R[15],    ;
;                                 ;                           ; register_bank:inst|register24:inst29|R[15],    ;
;                                 ;                           ; register_bank:inst|register24:inst3|Dout[15],  ;
;                                 ;                           ; register_bank:inst|register24:inst17|Dout[15], ;
;                                 ;                           ; register_bank:inst|register24:inst24|Dout[15], ;
;                                 ;                           ; register_bank:inst|register24:inst25|Dout[15], ;
;                                 ;                           ; register_bank:inst|register24:inst26|Dout[15], ;
;                                 ;                           ; register_bank:inst|register24:inst27|Dout[15], ;
;                                 ;                           ; register_bank:inst|register24:inst28|Dout[15], ;
;                                 ;                           ; register_bank:inst|register24:inst29|Dout[15]  ;
+---------------------------------+---------------------------+------------------------------------------------+


+------------------------------------------------------+
; General Register Statistics                          ;
+----------------------------------------------+-------+
; Statistic                                    ; Value ;
+----------------------------------------------+-------+
; Total registers                              ; 459   ;
; Number of registers using Synchronous Clear  ; 64    ;
; Number of registers using Synchronous Load   ; 0     ;
; Number of registers using Asynchronous Clear ; 8     ;
; Number of registers using Asynchronous Load  ; 0     ;
; Number of registers using Clock Enable       ; 184   ;
; Number of registers using Preset             ; 0     ;
+----------------------------------------------+-------+


+-------------------------------------------------------------------------------------------------------------------------------------------------------------------+
; Multiplexer Restructuring Statistics (Restructuring Performed)                                                                                                    ;
+--------------------+-----------+---------------+----------------------+------------------------+------------+-----------------------------------------------------+
; Multiplexer Inputs ; Bus Width ; Baseline Area ; Area if Restructured ; Saving if Restructured ; Registered ; Example Multiplexer Output                          ;
+--------------------+-----------+---------------+----------------------+------------------------+------------+-----------------------------------------------------+
; 3:1                ; 3 bits    ; 6 LEs         ; 3 LEs                ; 3 LEs                  ; Yes        ; |chronograph|register_bank:inst|adder8:inst6|cnt[2] ;
; 58:1               ; 4 bits    ; 152 LEs       ; 148 LEs              ; 4 LEs                  ; No         ; |chronograph|data                                   ;
+--------------------+-----------+---------------+----------------------+------------------------+------------+-----------------------------------------------------+


+----------------------------------------------------------------------+
; Parameter Settings for User Entity Instance: frequency_divider:inst1 ;
+----------------+----------+------------------------------------------+
; Parameter Name ; Value    ; Type                                     ;
+----------------+----------+------------------------------------------+
; N_1            ; 50000000 ; Signed Integer                           ;
; N_10           ; 50000000 ; Signed Integer                           ;
; N_100          ; 50000000 ; Signed Integer                           ;
; N_1000         ; 50000000 ; Signed Integer                           ;
+----------------+----------+------------------------------------------+
Note: In order to hide this table in the UI and the text report file, please set the "Show Parameter Settings in Synthesis Report" option in "Analysis and Synthesis Settings -> More Settings" to "Off".


+-------------------------------+
; Elapsed Time Per Partition    ;
+----------------+--------------+
; Partition Name ; Elapsed Time ;
+----------------+--------------+
; Top            ; 00:00:02     ;
+----------------+--------------+


+-------------------------------+
; Analysis & Synthesis Messages ;
+-------------------------------+
Info: *******************************************************************
Info: Running Quartus II 64-Bit Analysis & Synthesis
    Info: Version 13.0.1 Build 232 06/12/2013 Service Pack 1 SJ Full Version
    Info: Processing started: Thu Dec 28 11:20:11 2017
Info: Command: quartus_map --read_settings_files=on --write_settings_files=off chronograph -c chronograph
Info (11104): Parallel Compilation has detected 4 hyper-threaded processors. However, the extra hyper-threaded processors will not be used by default. Parallel Compilation will use 2 of the 2 physical processors detected instead.
Info (12021): Found 1 design units, including 1 entities, in source file sel23.v
    Info (12023): Found entity 1: SEL23
Info (12021): Found 1 design units, including 1 entities, in source file shifting_register.v
    Info (12023): Found entity 1: shifting_register
Info (12021): Found 1 design units, including 1 entities, in source file sel9.v
    Info (12023): Found entity 1: SEL9
Info (12021): Found 1 design units, including 1 entities, in source file ks8.v
    Info (12023): Found entity 1: KS8
Info (12021): Found 1 design units, including 1 entities, in source file keyboard_shake.v
    Info (12023): Found entity 1: keyboard_shake
Warning (10238): Verilog Module Declaration warning at register24.v(1): ignored anonymous port(s) indicated by duplicate or dangling comma(s) in the port list for module "register24"
Info (12021): Found 1 design units, including 1 entities, in source file register24.v
    Info (12023): Found entity 1: register24
Info (12021): Found 1 design units, including 1 entities, in source file sel8.v
    Info (12023): Found entity 1: SEL8
Info (12021): Found 1 design units, including 1 entities, in source file 100counter.bdf
    Info (12023): Found entity 1: 100Counter
Info (12021): Found 1 design units, including 1 entities, in source file 59counter.bdf
    Info (12023): Found entity 1: 59Counter
Info (12021): Found 1 design units, including 1 entities, in source file dynamic_scanning.bdf
    Info (12023): Found entity 1: dynamic_scanning
Info (12021): Found 1 design units, including 1 entities, in source file led.v
    Info (12023): Found entity 1: led
Info (12021): Found 1 design units, including 1 entities, in source file frequency_divider.v
    Info (12023): Found entity 1: frequency_divider
Info (12021): Found 1 design units, including 1 entities, in source file chronograph.bdf
    Info (12023): Found entity 1: chronograph
Info (12021): Found 1 design units, including 1 entities, in source file adder8.v
    Info (12023): Found entity 1: adder8
Info (12021): Found 1 design units, including 1 entities, in source file register_bank.bdf
    Info (12023): Found entity 1: register_bank
Warning (10227): Verilog HDL Port Declaration warning at SEL23.v(6): data type declaration for "out" declares packed dimensions but the port declaration declaration does not
Info (10499): HDL info at SEL23.v(5): see declaration for object "out"
Warning (10227): Verilog HDL Port Declaration warning at SEL9.v(6): data type declaration for "out" declares packed dimensions but the port declaration declaration does not
Info (10499): HDL info at SEL9.v(5): see declaration for object "out"
Critical Warning (10846): Verilog HDL Instantiation warning at KS8.v(5): instance has no name
Critical Warning (10846): Verilog HDL Instantiation warning at KS8.v(6): instance has no name
Critical Warning (10846): Verilog HDL Instantiation warning at KS8.v(7): instance has no name
Critical Warning (10846): Verilog HDL Instantiation warning at KS8.v(8): instance has no name
Critical Warning (10846): Verilog HDL Instantiation warning at KS8.v(9): instance has no name
Critical Warning (10846): Verilog HDL Instantiation warning at KS8.v(10): instance has no name
Critical Warning (10846): Verilog HDL Instantiation warning at KS8.v(11): instance has no name
Critical Warning (10846): Verilog HDL Instantiation warning at KS8.v(12): instance has no name
Warning (10227): Verilog HDL Port Declaration warning at SEL8.v(6): data type declaration for "out" declares packed dimensions but the port declaration declaration does not
Info (10499): HDL info at SEL8.v(5): see declaration for object "out"
Info (12127): Elaborating entity "chronograph" for the top level hierarchy
Warning (275011): Block or symbol "VCC" of instance "inst2" overlaps another block or symbol
Info (12128): Elaborating entity "dynamic_scanning" for hierarchy "dynamic_scanning:inst4"
Info (12128): Elaborating entity "74138" for hierarchy "dynamic_scanning:inst4|74138:inst2"
Info (12130): Elaborated megafunction instantiation "dynamic_scanning:inst4|74138:inst2"
Info (12128): Elaborating entity "74160" for hierarchy "dynamic_scanning:inst4|74160:inst"
Info (12130): Elaborated megafunction instantiation "dynamic_scanning:inst4|74160:inst"
Info (12128): Elaborating entity "frequency_divider" for hierarchy "frequency_divider:inst1"
Info (12128): Elaborating entity "led" for hierarchy "led:inst7"
Info (12128): Elaborating entity "74244b" for hierarchy "74244b:inst32"
Info (12130): Elaborated megafunction instantiation "74244b:inst32"
Info (12128): Elaborating entity "SEL8" for hierarchy "SEL8:inst5"
Info (12128): Elaborating entity "100Counter" for hierarchy "100Counter:inst15"
Info (12128): Elaborating entity "74162" for hierarchy "100Counter:inst15|74162:inst"
Info (12130): Elaborated megafunction instantiation "100Counter:inst15|74162:inst"
Info (12128): Elaborating entity "59Counter" for hierarchy "59Counter:inst13"
Info (12128): Elaborating entity "register_bank" for hierarchy "register_bank:inst"
Warning (275011): Block or symbol "74138" of instance "inst21" overlaps another block or symbol
Warning (275011): Block or symbol "register24" of instance "inst17" overlaps another block or symbol
Warning (275011): Block or symbol "register24" of instance "inst25" overlaps another block or symbol
Warning (275011): Block or symbol "register24" of instance "inst26" overlaps another block or symbol
Warning (275011): Block or symbol "register24" of instance "inst28" overlaps another block or symbol
Info (12128): Elaborating entity "SEL23" for hierarchy "register_bank:inst|SEL23:inst38"
Info (12128): Elaborating entity "register24" for hierarchy "register_bank:inst|register24:inst3"
Info (12128): Elaborating entity "adder8" for hierarchy "register_bank:inst|adder8:inst6"
Warning (13046): Tri-state node(s) do not directly drive top-level pin(s)
    Warning (13048): Converted tri-state node feeding "led:inst7|Decoder0" into a selector
    Warning (13048): Converted tri-state node feeding "led:inst7|Decoder0" into a selector
    Warning (13048): Converted tri-state node feeding "led:inst7|Decoder0" into a selector
    Warning (13048): Converted tri-state node feeding "led:inst7|Decoder0" into a selector
Info (286030): Timing-Driven Synthesis is running
Info (144001): Generated suppressed messages file C:/Users/Hanliutong/OneDrive/Homework/Digital logic experiment/16071118/10_3/output_files/chronograph.map.smsg
Info (16010): Generating hard_block partition "hard_block:auto_generated_inst"
    Info (16011): Adding 0 node(s), including 0 DDIO, 0 PLL, 0 transceiver and 0 LCELL
Info (21057): Implemented 904 device resources after synthesis - the final resource count might be different
    Info (21058): Implemented 5 input pins
    Info (21059): Implemented 23 output pins
    Info (21061): Implemented 876 logic cells
Info: Quartus II 64-Bit Analysis & Synthesis was successful. 0 errors, 23 warnings
    Info: Peak virtual memory: 523 megabytes
    Info: Processing ended: Thu Dec 28 11:20:16 2017
    Info: Elapsed time: 00:00:05
    Info: Total CPU time (on all processors): 00:00:04


+------------------------------------------+
; Analysis & Synthesis Suppressed Messages ;
+------------------------------------------+
The suppressed messages can be found in C:/Users/Hanliutong/OneDrive/Homework/Digital logic experiment/16071118/10_3/output_files/chronograph.map.smsg.


